<?xml version="1.0" encoding="UTF-8"?>
<!-- Generated by org.testng.reporters.JUnitReportReporter -->
<testsuite hostname="Lp-ANKUSH26" failures="0" tests="3" name="atmosoltest1.Toothsi" time="7.952" errors="0" timestamp="2024-02-14T19:54:33 IST" skipped="0">
  <testcase classname="atmosoltest1.Toothsi" name="screenShot" time="0.582"/>
  <system-out/>
  <testcase classname="atmosoltest1.Toothsi" name="scrollingPage" time="0.011"/>
  <system-out/>
  <testcase classname="atmosoltest1.Toothsi" name="initBrowser" time="7.359"/>
  <system-out/>
</testsuite> <!-- atmosoltest1.Toothsi -->
